2024-08-21 15:20:42,512 - INFO - Loading data...
2024-08-21 15:20:42,861 - INFO - Data loaded
2024-08-21 15:20:43,511 - INFO - Number of parameters: 88810051
2024-08-21 15:24:21,214 - INFO - Loading data...
2024-08-21 15:24:21,582 - INFO - Data loaded
2024-08-21 15:24:22,610 - INFO - Number of parameters: 6008047
2024-08-21 15:24:47,349 - INFO - Loading data...
2024-08-21 15:24:47,695 - INFO - Data loaded
2024-08-21 15:24:47,866 - INFO - Number of parameters: 6008047
2024-08-21 15:26:04,595 - INFO - Loading data...
2024-08-21 15:26:04,991 - INFO - Data loaded
2024-08-21 15:26:05,828 - INFO - Number of parameters: 1448403
2024-08-21 15:26:54,402 - INFO - Loading data...
2024-08-21 15:26:54,732 - INFO - Data loaded
2024-08-21 15:26:55,340 - INFO - Number of parameters: 88810051
2024-08-21 15:27:19,073 - INFO - Loading data...
2024-08-21 15:27:19,408 - INFO - Data loaded
2024-08-21 15:27:20,025 - INFO - Number of parameters: 88810051
2024-08-21 15:28:46,237 - INFO - Loading data...
2024-08-21 15:28:46,574 - INFO - Data loaded
2024-08-21 15:28:47,183 - INFO - Number of parameters: 88810051
2024-08-21 15:32:02,883 - INFO - Loading data...
2024-08-21 15:32:03,427 - INFO - Data loaded
2024-08-21 15:32:04,042 - INFO - Number of parameters: 88810051
2024-08-21 15:32:26,096 - INFO - Loading data...
2024-08-21 15:32:26,691 - INFO - Data loaded
2024-08-21 15:32:27,328 - INFO - Number of parameters: 88810051
2024-08-21 15:32:27,832 - INFO - Step     0 | Train Loss: 0.043566
2024-08-21 15:32:27,880 - INFO - Step     1 | Train Loss: 0.043255
2024-08-21 15:32:27,928 - INFO - Step     2 | Train Loss: 0.044162
2024-08-21 15:32:27,975 - INFO - Step     3 | Train Loss: 0.043950
2024-08-21 15:32:28,021 - INFO - Step     4 | Train Loss: 0.044999
2024-08-21 15:32:28,068 - INFO - Step     5 | Train Loss: 0.041090
2024-08-21 15:32:28,114 - INFO - Step     6 | Train Loss: 0.042827
2024-08-21 15:32:28,160 - INFO - Step     7 | Train Loss: 0.043008
2024-08-21 15:32:28,207 - INFO - Step     8 | Train Loss: 0.044752
2024-08-21 15:32:28,253 - INFO - Step     9 | Train Loss: 0.041718
2024-08-21 15:32:28,300 - INFO - Step    10 | Train Loss: 0.041127
2024-08-21 15:32:28,346 - INFO - Step    11 | Train Loss: 0.042582
2024-08-21 15:32:28,392 - INFO - Step    12 | Train Loss: 0.044310
2024-08-21 15:32:28,438 - INFO - Step    13 | Train Loss: 0.045009
2024-08-21 15:32:28,485 - INFO - Step    14 | Train Loss: 0.043757
2024-08-21 15:32:28,531 - INFO - Step    15 | Train Loss: 0.042398
2024-08-21 15:32:28,578 - INFO - Step    16 | Train Loss: 0.042502
2024-08-21 15:32:28,624 - INFO - Step    17 | Train Loss: 0.043480
2024-08-21 15:32:28,670 - INFO - Step    18 | Train Loss: 0.042522
2024-08-21 15:32:28,717 - INFO - Step    19 | Train Loss: 0.043978
2024-08-21 15:32:28,763 - INFO - Step    20 | Train Loss: 0.043066
2024-08-21 15:32:28,810 - INFO - Step    21 | Train Loss: 0.040559
2024-08-21 15:32:28,857 - INFO - Step    22 | Train Loss: 0.040738
2024-08-21 15:32:28,903 - INFO - Step    23 | Train Loss: 0.038586
2024-08-21 15:32:28,950 - INFO - Step    24 | Train Loss: 0.041253
2024-08-21 15:32:28,997 - INFO - Step    25 | Train Loss: 0.039237
2024-08-21 15:32:29,043 - INFO - Step    26 | Train Loss: 0.040924
2024-08-21 15:32:29,090 - INFO - Step    27 | Train Loss: 0.040140
2024-08-21 15:32:29,136 - INFO - Step    28 | Train Loss: 0.041602
2024-08-21 15:32:29,183 - INFO - Step    29 | Train Loss: 0.039739
2024-08-21 15:32:29,230 - INFO - Step    30 | Train Loss: 0.038978
2024-08-21 15:32:29,276 - INFO - Step    31 | Train Loss: 0.038258
2024-08-21 15:32:29,322 - INFO - Step    32 | Train Loss: 0.035959
2024-08-21 15:32:29,369 - INFO - Step    33 | Train Loss: 0.038003
2024-08-21 15:32:29,415 - INFO - Step    34 | Train Loss: 0.037082
2024-08-21 15:32:29,462 - INFO - Step    35 | Train Loss: 0.038337
2024-08-21 15:32:29,509 - INFO - Step    36 | Train Loss: 0.038805
2024-08-21 15:32:29,555 - INFO - Step    37 | Train Loss: 0.037070
2024-08-21 15:32:29,602 - INFO - Step    38 | Train Loss: 0.039814
2024-08-21 15:32:29,648 - INFO - Step    39 | Train Loss: 0.035849
2024-08-21 15:32:29,695 - INFO - Step    40 | Train Loss: 0.037593
2024-08-21 15:32:29,741 - INFO - Step    41 | Train Loss: 0.036980
2024-08-21 15:32:29,788 - INFO - Step    42 | Train Loss: 0.036680
2024-08-21 15:32:29,834 - INFO - Step    43 | Train Loss: 0.036085
2024-08-21 15:32:29,881 - INFO - Step    44 | Train Loss: 0.033959
2024-08-21 15:32:29,927 - INFO - Step    45 | Train Loss: 0.037740
2024-08-21 15:32:29,974 - INFO - Step    46 | Train Loss: 0.037176
2024-08-21 15:32:30,021 - INFO - Step    47 | Train Loss: 0.032390
2024-08-21 15:32:30,067 - INFO - Step    48 | Train Loss: 0.035119
2024-08-21 15:32:30,114 - INFO - Step    49 | Train Loss: 0.038427
2024-08-21 15:32:30,161 - INFO - Step    50 | Train Loss: 0.035203
2024-08-21 15:32:30,207 - INFO - Step    51 | Train Loss: 0.034310
2024-08-21 15:32:30,254 - INFO - Step    52 | Train Loss: 0.034416
2024-08-21 15:32:30,301 - INFO - Step    53 | Train Loss: 0.036424
2024-08-21 15:32:30,348 - INFO - Step    54 | Train Loss: 0.036130
2024-08-21 15:32:30,395 - INFO - Step    55 | Train Loss: 0.032697
2024-08-21 15:32:30,442 - INFO - Step    56 | Train Loss: 0.034571
2024-08-21 15:32:30,488 - INFO - Step    57 | Train Loss: 0.035167
2024-08-21 15:32:30,535 - INFO - Step    58 | Train Loss: 0.033903
2024-08-21 15:32:30,582 - INFO - Step    59 | Train Loss: 0.033440
2024-08-21 15:32:30,628 - INFO - Step    60 | Train Loss: 0.032129
2024-08-21 15:32:30,675 - INFO - Step    61 | Train Loss: 0.035540
2024-08-21 15:32:30,722 - INFO - Step    62 | Train Loss: 0.032343
2024-08-21 15:32:30,768 - INFO - Step    63 | Train Loss: 0.032688
2024-08-21 15:32:30,815 - INFO - Step    64 | Train Loss: 0.029128
2024-08-21 15:32:30,862 - INFO - Step    65 | Train Loss: 0.036954
2024-08-21 15:32:30,908 - INFO - Step    66 | Train Loss: 0.036705
2024-08-21 15:32:30,955 - INFO - Step    67 | Train Loss: 0.032650
2024-08-21 15:32:31,001 - INFO - Step    68 | Train Loss: 0.033381
2024-08-21 15:32:31,048 - INFO - Step    69 | Train Loss: 0.033915
2024-08-21 15:32:31,095 - INFO - Step    70 | Train Loss: 0.037239
2024-08-21 15:32:31,141 - INFO - Step    71 | Train Loss: 0.034367
2024-08-21 15:32:31,188 - INFO - Step    72 | Train Loss: 0.032285
2024-08-21 15:32:31,235 - INFO - Step    73 | Train Loss: 0.034397
2024-08-21 15:32:31,281 - INFO - Step    74 | Train Loss: 0.031234
2024-08-21 15:32:31,328 - INFO - Step    75 | Train Loss: 0.031761
2024-08-21 15:32:31,374 - INFO - Step    76 | Train Loss: 0.029696
2024-08-21 15:32:31,421 - INFO - Step    77 | Train Loss: 0.033129
2024-08-21 15:37:02,956 - INFO - Loading data...
2024-08-21 15:37:03,713 - INFO - Data loaded
2024-08-21 15:37:04,454 - INFO - Number of parameters: 88810051
2024-08-21 15:37:04,978 - INFO - Step     0 | Train Loss: 0.043566
2024-08-21 15:37:05,027 - INFO - Step     1 | Train Loss: 0.043255
2024-08-21 15:37:05,080 - INFO - Step     2 | Train Loss: 0.044162
2024-08-21 15:37:05,132 - INFO - Step     3 | Train Loss: 0.043950
2024-08-21 15:37:05,183 - INFO - Step     4 | Train Loss: 0.044999
2024-08-21 15:37:05,232 - INFO - Step     5 | Train Loss: 0.041090
2024-08-21 15:37:05,281 - INFO - Step     6 | Train Loss: 0.042827
2024-08-21 15:37:05,331 - INFO - Step     7 | Train Loss: 0.043008
2024-08-21 15:37:05,381 - INFO - Step     8 | Train Loss: 0.044752
2024-08-21 15:37:05,431 - INFO - Step     9 | Train Loss: 0.041718
2024-08-21 15:37:05,481 - INFO - Step    10 | Train Loss: 0.041127
2024-08-21 15:37:05,531 - INFO - Step    11 | Train Loss: 0.042582
2024-08-21 15:37:05,582 - INFO - Step    12 | Train Loss: 0.044310
2024-08-21 15:37:05,631 - INFO - Step    13 | Train Loss: 0.045009
2024-08-21 15:37:05,682 - INFO - Step    14 | Train Loss: 0.043757
2024-08-21 15:37:05,731 - INFO - Step    15 | Train Loss: 0.042398
2024-08-21 15:37:05,781 - INFO - Step    16 | Train Loss: 0.042502
2024-08-21 15:37:05,831 - INFO - Step    17 | Train Loss: 0.043480
2024-08-21 15:37:05,882 - INFO - Step    18 | Train Loss: 0.042522
2024-08-21 15:37:05,930 - INFO - Step    19 | Train Loss: 0.043978
2024-08-21 15:37:05,980 - INFO - Step    20 | Train Loss: 0.043066
2024-08-21 15:37:06,029 - INFO - Step    21 | Train Loss: 0.040559
2024-08-21 15:37:06,080 - INFO - Step    22 | Train Loss: 0.040738
2024-08-21 15:37:06,131 - INFO - Step    23 | Train Loss: 0.038586
2024-08-21 15:37:06,181 - INFO - Step    24 | Train Loss: 0.041253
2024-08-21 15:37:06,231 - INFO - Step    25 | Train Loss: 0.039237
2024-08-21 15:37:06,282 - INFO - Step    26 | Train Loss: 0.040924
2024-08-21 15:37:06,332 - INFO - Step    27 | Train Loss: 0.040140
2024-08-21 15:37:06,382 - INFO - Step    28 | Train Loss: 0.041602
2024-08-21 15:37:06,431 - INFO - Step    29 | Train Loss: 0.039739
2024-08-21 15:37:06,481 - INFO - Step    30 | Train Loss: 0.038978
2024-08-21 15:37:06,529 - INFO - Step    31 | Train Loss: 0.038258
2024-08-21 15:37:06,580 - INFO - Step    32 | Train Loss: 0.035959
2024-08-21 15:37:06,629 - INFO - Step    33 | Train Loss: 0.038003
2024-08-21 15:37:06,679 - INFO - Step    34 | Train Loss: 0.037082
2024-08-21 15:37:06,728 - INFO - Step    35 | Train Loss: 0.038337
2024-08-21 15:37:06,778 - INFO - Step    36 | Train Loss: 0.038805
2024-08-21 15:37:06,826 - INFO - Step    37 | Train Loss: 0.037070
2024-08-21 15:37:06,874 - INFO - Step    38 | Train Loss: 0.039814
2024-08-21 15:37:06,922 - INFO - Step    39 | Train Loss: 0.035849
2024-08-21 15:37:06,972 - INFO - Step    40 | Train Loss: 0.037593
2024-08-21 15:37:07,021 - INFO - Step    41 | Train Loss: 0.036980
2024-08-21 15:37:07,070 - INFO - Step    42 | Train Loss: 0.036680
2024-08-21 15:37:07,120 - INFO - Step    43 | Train Loss: 0.036085
2024-08-21 15:37:07,171 - INFO - Step    44 | Train Loss: 0.033959
2024-08-21 15:37:07,220 - INFO - Step    45 | Train Loss: 0.037740
2024-08-21 15:37:07,277 - INFO - Step    46 | Train Loss: 0.037176
2024-08-21 15:37:07,326 - INFO - Step    47 | Train Loss: 0.032390
2024-08-21 15:37:07,373 - INFO - Step    48 | Train Loss: 0.035119
2024-08-21 15:37:07,422 - INFO - Step    49 | Train Loss: 0.038427
2024-08-21 15:37:07,472 - INFO - Step    50 | Train Loss: 0.035203
2024-08-21 15:37:07,521 - INFO - Step    51 | Train Loss: 0.034310
2024-08-21 15:37:07,574 - INFO - Step    52 | Train Loss: 0.034416
2024-08-21 15:37:07,622 - INFO - Step    53 | Train Loss: 0.036424
2024-08-21 15:37:07,675 - INFO - Step    54 | Train Loss: 0.036130
2024-08-21 15:37:07,722 - INFO - Step    55 | Train Loss: 0.032697
2024-08-21 15:37:07,772 - INFO - Step    56 | Train Loss: 0.034571
2024-08-21 15:37:07,821 - INFO - Step    57 | Train Loss: 0.035167
2024-08-21 15:37:07,871 - INFO - Step    58 | Train Loss: 0.033903
2024-08-21 15:37:07,921 - INFO - Step    59 | Train Loss: 0.033440
2024-08-21 15:37:07,970 - INFO - Step    60 | Train Loss: 0.032129
2024-08-21 15:37:08,020 - INFO - Step    61 | Train Loss: 0.035540
2024-08-21 15:37:08,070 - INFO - Step    62 | Train Loss: 0.032343
2024-08-21 15:37:08,119 - INFO - Step    63 | Train Loss: 0.032688
2024-08-21 15:37:08,170 - INFO - Step    64 | Train Loss: 0.029128
2024-08-21 15:37:08,219 - INFO - Step    65 | Train Loss: 0.036954
2024-08-21 15:37:08,269 - INFO - Step    66 | Train Loss: 0.036705
2024-08-21 15:37:08,318 - INFO - Step    67 | Train Loss: 0.032650
2024-08-21 15:37:08,366 - INFO - Step    68 | Train Loss: 0.033381
2024-08-21 15:37:08,413 - INFO - Step    69 | Train Loss: 0.033915
2024-08-21 15:37:08,462 - INFO - Step    70 | Train Loss: 0.037239
2024-08-21 15:37:08,514 - INFO - Step    71 | Train Loss: 0.034367
2024-08-21 15:37:08,565 - INFO - Step    72 | Train Loss: 0.032285
2024-08-21 15:37:08,615 - INFO - Step    73 | Train Loss: 0.034397
2024-08-21 15:37:08,664 - INFO - Step    74 | Train Loss: 0.031234
2024-08-21 15:37:08,714 - INFO - Step    75 | Train Loss: 0.031761
2024-08-21 15:37:08,764 - INFO - Step    76 | Train Loss: 0.029696
2024-08-21 15:37:08,814 - INFO - Step    77 | Train Loss: 0.033129
2024-08-21 15:37:08,863 - INFO - Step    78 | Train Loss: 0.033070
2024-08-21 15:37:08,913 - INFO - Step    79 | Train Loss: 0.033518
2024-08-21 15:37:08,962 - INFO - Step    80 | Train Loss: 0.032517
2024-08-21 15:37:09,012 - INFO - Step    81 | Train Loss: 0.032851
2024-08-21 15:37:09,062 - INFO - Step    82 | Train Loss: 0.031894
2024-08-21 15:37:09,113 - INFO - Step    83 | Train Loss: 0.030477
2024-08-21 15:37:09,163 - INFO - Step    84 | Train Loss: 0.029837
2024-08-21 15:37:09,212 - INFO - Step    85 | Train Loss: 0.029593
2024-08-21 15:37:09,262 - INFO - Step    86 | Train Loss: 0.030896
2024-08-21 15:37:09,311 - INFO - Step    87 | Train Loss: 0.033355
2024-08-21 15:37:09,362 - INFO - Step    88 | Train Loss: 0.032542
2024-08-21 15:37:09,412 - INFO - Step    89 | Train Loss: 0.030211
2024-08-21 15:37:09,462 - INFO - Step    90 | Train Loss: 0.030450
2024-08-21 15:37:09,512 - INFO - Step    91 | Train Loss: 0.032904
2024-08-21 15:37:09,563 - INFO - Step    92 | Train Loss: 0.032637
2024-08-21 15:37:09,612 - INFO - Step    93 | Train Loss: 0.032279
2024-08-21 15:37:09,664 - INFO - Step    94 | Train Loss: 0.029408
2024-08-21 15:37:09,715 - INFO - Step    95 | Train Loss: 0.029270
2024-08-21 15:37:09,765 - INFO - Step    96 | Train Loss: 0.032686
2024-08-21 15:37:09,814 - INFO - Step    97 | Train Loss: 0.031307
2024-08-21 15:37:09,864 - INFO - Step    98 | Train Loss: 0.030468
2024-08-21 15:37:09,913 - INFO - Step    99 | Train Loss: 0.033387
2024-08-21 15:37:09,963 - INFO - Step   100 | Train Loss: 0.030485
2024-08-21 15:37:10,013 - INFO - Step   101 | Train Loss: 0.030072
2024-08-21 15:37:10,063 - INFO - Step   102 | Train Loss: 0.032679
2024-08-21 15:37:10,112 - INFO - Step   103 | Train Loss: 0.030715
2024-08-21 15:37:10,162 - INFO - Step   104 | Train Loss: 0.029990
2024-08-21 15:37:10,212 - INFO - Step   105 | Train Loss: 0.031843
2024-08-21 15:37:10,262 - INFO - Step   106 | Train Loss: 0.030220
2024-08-21 15:37:10,311 - INFO - Step   107 | Train Loss: 0.032108
2024-08-21 15:37:10,361 - INFO - Step   108 | Train Loss: 0.029726
2024-08-21 15:37:10,411 - INFO - Step   109 | Train Loss: 0.031322
2024-08-21 15:37:10,460 - INFO - Step   110 | Train Loss: 0.027859
2024-08-21 15:37:10,510 - INFO - Step   111 | Train Loss: 0.027891
2024-08-21 15:37:10,560 - INFO - Step   112 | Train Loss: 0.026861
2024-08-21 15:37:10,609 - INFO - Step   113 | Train Loss: 0.028959
2024-08-21 15:37:10,657 - INFO - Step   114 | Train Loss: 0.030255
2024-08-21 15:37:10,704 - INFO - Step   115 | Train Loss: 0.029482
2024-08-21 15:37:10,754 - INFO - Step   116 | Train Loss: 0.026502
2024-08-21 15:37:10,804 - INFO - Step   117 | Train Loss: 0.030216
2024-08-21 15:37:10,863 - INFO - Step   118 | Train Loss: 0.031670
2024-08-21 15:37:10,918 - INFO - Step   119 | Train Loss: 0.029471
2024-08-21 15:37:10,970 - INFO - Step   120 | Train Loss: 0.027224
2024-08-21 15:37:11,023 - INFO - Step   121 | Train Loss: 0.029428
2024-08-21 15:37:11,072 - INFO - Step   122 | Train Loss: 0.027206
2024-08-21 15:37:11,121 - INFO - Step   123 | Train Loss: 0.027938
2024-08-21 15:37:11,174 - INFO - Step   124 | Train Loss: 0.031234
2024-08-21 15:37:11,222 - INFO - Step   125 | Train Loss: 0.027181
2024-08-21 15:37:11,272 - INFO - Step   126 | Train Loss: 0.030076
2024-08-21 15:37:11,322 - INFO - Step   127 | Train Loss: 0.029286
2024-08-21 15:37:11,373 - INFO - Step   128 | Train Loss: 0.027070
2024-08-21 15:37:11,422 - INFO - Step   129 | Train Loss: 0.027657
2024-08-21 15:37:11,473 - INFO - Step   130 | Train Loss: 0.027920
2024-08-21 15:37:11,522 - INFO - Step   131 | Train Loss: 0.027967
2024-08-21 15:37:11,573 - INFO - Step   132 | Train Loss: 0.028020
2024-08-21 15:37:11,623 - INFO - Step   133 | Train Loss: 0.029857
2024-08-21 15:37:11,673 - INFO - Step   134 | Train Loss: 0.033587
2024-08-21 15:37:11,724 - INFO - Step   135 | Train Loss: 0.025221
2024-08-21 15:37:11,773 - INFO - Step   136 | Train Loss: 0.028578
2024-08-21 15:37:11,822 - INFO - Step   137 | Train Loss: 0.030494
2024-08-21 15:37:11,872 - INFO - Step   138 | Train Loss: 0.029279
2024-08-21 15:37:11,921 - INFO - Step   139 | Train Loss: 0.028867
2024-08-21 15:37:11,972 - INFO - Step   140 | Train Loss: 0.026694
2024-08-21 15:37:12,021 - INFO - Step   141 | Train Loss: 0.025106
2024-08-21 15:37:12,071 - INFO - Step   142 | Train Loss: 0.025211
2024-08-21 15:37:12,121 - INFO - Step   143 | Train Loss: 0.024911
2024-08-21 15:37:12,172 - INFO - Step   144 | Train Loss: 0.027627
2024-08-21 15:37:12,221 - INFO - Step   145 | Train Loss: 0.026210
2024-08-21 15:37:12,273 - INFO - Step   146 | Train Loss: 0.025509
2024-08-21 15:37:12,322 - INFO - Step   147 | Train Loss: 0.027748
2024-08-21 15:37:12,373 - INFO - Step   148 | Train Loss: 0.026192
2024-08-21 15:37:12,421 - INFO - Step   149 | Train Loss: 0.027354
2024-08-21 15:37:12,470 - INFO - Step   150 | Train Loss: 0.029615
2024-08-21 15:37:12,519 - INFO - Step   151 | Train Loss: 0.025355
2024-08-21 15:37:12,568 - INFO - Step   152 | Train Loss: 0.026317
2024-08-21 15:37:12,617 - INFO - Step   153 | Train Loss: 0.025644
2024-08-21 15:37:12,666 - INFO - Step   154 | Train Loss: 0.027324
2024-08-21 15:37:12,713 - INFO - Step   155 | Train Loss: 0.026833
2024-08-21 15:37:12,761 - INFO - Step   156 | Train Loss: 0.026644
2024-08-21 15:37:12,810 - INFO - Step   157 | Train Loss: 0.023170
2024-08-21 15:37:12,860 - INFO - Step   158 | Train Loss: 0.028503
2024-08-21 15:37:12,909 - INFO - Step   159 | Train Loss: 0.028677
2024-08-21 15:37:12,955 - INFO - Step   160 | Train Loss: 0.031639
2024-08-21 15:37:13,003 - INFO - Step   161 | Train Loss: 0.028448
2024-08-21 15:37:13,053 - INFO - Step   162 | Train Loss: 0.025005
2024-08-21 15:37:13,102 - INFO - Step   163 | Train Loss: 0.027177
2024-08-21 15:37:13,151 - INFO - Step   164 | Train Loss: 0.028747
2024-08-21 15:37:13,199 - INFO - Step   165 | Train Loss: 0.027199
2024-08-21 15:37:13,246 - INFO - Step   166 | Train Loss: 0.026967
2024-08-21 15:37:13,298 - INFO - Step   167 | Train Loss: 0.024548
2024-08-21 15:37:13,348 - INFO - Step   168 | Train Loss: 0.027282
2024-08-21 15:37:13,395 - INFO - Step   169 | Train Loss: 0.026885
2024-08-21 15:37:13,445 - INFO - Step   170 | Train Loss: 0.028462
2024-08-21 15:37:13,495 - INFO - Step   171 | Train Loss: 0.028066
2024-08-21 15:37:13,545 - INFO - Step   172 | Train Loss: 0.025899
2024-08-21 15:37:13,594 - INFO - Step   173 | Train Loss: 0.025635
2024-08-21 15:37:13,645 - INFO - Step   174 | Train Loss: 0.028981
2024-08-21 15:37:13,693 - INFO - Step   175 | Train Loss: 0.026171
2024-08-21 15:37:13,745 - INFO - Step   176 | Train Loss: 0.028247
2024-08-21 15:37:13,794 - INFO - Step   177 | Train Loss: 0.026620
2024-08-21 15:37:13,843 - INFO - Step   178 | Train Loss: 0.026642
2024-08-21 15:37:13,893 - INFO - Step   179 | Train Loss: 0.028368
2024-08-21 15:37:13,942 - INFO - Step   180 | Train Loss: 0.028974
2024-08-21 15:37:13,990 - INFO - Step   181 | Train Loss: 0.026466
2024-08-21 15:37:14,038 - INFO - Step   182 | Train Loss: 0.027230
2024-08-21 15:37:14,086 - INFO - Step   183 | Train Loss: 0.027025
2024-08-21 15:37:14,135 - INFO - Step   184 | Train Loss: 0.024912
2024-08-21 15:37:14,184 - INFO - Step   185 | Train Loss: 0.028343
2024-08-21 15:37:14,233 - INFO - Step   186 | Train Loss: 0.023130
2024-08-21 15:37:14,280 - INFO - Step   187 | Train Loss: 0.028879
2024-08-21 15:37:14,329 - INFO - Step   188 | Train Loss: 0.024780
2024-08-21 15:37:14,377 - INFO - Step   189 | Train Loss: 0.024568
2024-08-21 15:37:14,426 - INFO - Step   190 | Train Loss: 0.023679
2024-08-21 15:37:14,482 - INFO - Step   191 | Train Loss: 0.023180
2024-08-21 15:37:14,529 - INFO - Step   192 | Train Loss: 0.026990
2024-08-21 15:37:14,578 - INFO - Step   193 | Train Loss: 0.020827
2024-08-21 15:37:14,627 - INFO - Step   194 | Train Loss: 0.024538
2024-08-21 15:37:14,676 - INFO - Step   195 | Train Loss: 0.026219
2024-08-21 15:37:14,725 - INFO - Step   196 | Train Loss: 0.020373
2024-08-21 15:37:14,774 - INFO - Step   197 | Train Loss: 0.023394
2024-08-21 15:37:14,822 - INFO - Step   198 | Train Loss: 0.020852
2024-08-21 15:37:14,869 - INFO - Step   199 | Train Loss: 0.025213
2024-08-21 15:37:14,918 - INFO - Step   200 | Train Loss: 0.025274
2024-08-21 15:37:14,967 - INFO - Step   201 | Train Loss: 0.025154
2024-08-21 15:37:15,016 - INFO - Step   202 | Train Loss: 0.022343
2024-08-21 15:37:15,063 - INFO - Step   203 | Train Loss: 0.025096
2024-08-21 15:37:15,111 - INFO - Step   204 | Train Loss: 0.023484
2024-08-21 15:37:15,160 - INFO - Step   205 | Train Loss: 0.021837
2024-08-21 15:37:15,208 - INFO - Step   206 | Train Loss: 0.024446
2024-08-21 15:37:15,256 - INFO - Step   207 | Train Loss: 0.024203
2024-08-21 15:37:15,304 - INFO - Step   208 | Train Loss: 0.021949
2024-08-21 15:37:15,353 - INFO - Step   209 | Train Loss: 0.023523
2024-08-21 15:37:15,401 - INFO - Step   210 | Train Loss: 0.025305
2024-08-21 15:37:15,451 - INFO - Step   211 | Train Loss: 0.023423
2024-08-21 15:37:15,499 - INFO - Step   212 | Train Loss: 0.023171
2024-08-21 15:37:15,546 - INFO - Step   213 | Train Loss: 0.023851
2024-08-21 15:37:15,595 - INFO - Step   214 | Train Loss: 0.020653
2024-08-21 15:37:15,648 - INFO - Step   215 | Train Loss: 0.020868
2024-08-21 15:37:15,697 - INFO - Step   216 | Train Loss: 0.021204
2024-08-21 15:37:15,745 - INFO - Step   217 | Train Loss: 0.022123
2024-08-21 15:37:15,795 - INFO - Step   218 | Train Loss: 0.023938
2024-08-21 15:37:15,844 - INFO - Step   219 | Train Loss: 0.021684
2024-08-21 15:37:15,893 - INFO - Step   220 | Train Loss: 0.024408
2024-08-21 15:37:15,942 - INFO - Step   221 | Train Loss: 0.020631
2024-08-21 15:37:15,992 - INFO - Step   222 | Train Loss: 0.021613
2024-08-21 15:37:16,040 - INFO - Step   223 | Train Loss: 0.020349
2024-08-21 15:37:16,087 - INFO - Step   224 | Train Loss: 0.020561
2024-08-21 15:37:16,135 - INFO - Step   225 | Train Loss: 0.020490
2024-08-21 15:37:16,184 - INFO - Step   226 | Train Loss: 0.024782
2024-08-21 15:37:16,233 - INFO - Step   227 | Train Loss: 0.020827
2024-08-21 15:37:16,281 - INFO - Step   228 | Train Loss: 0.021494
2024-08-21 15:37:16,328 - INFO - Step   229 | Train Loss: 0.018624
2024-08-21 15:37:16,377 - INFO - Step   230 | Train Loss: 0.021635
2024-08-21 15:37:16,425 - INFO - Step   231 | Train Loss: 0.020456
2024-08-21 15:37:16,474 - INFO - Step   232 | Train Loss: 0.016708
2024-08-21 15:37:16,521 - INFO - Step   233 | Train Loss: 0.016831
2024-08-21 15:37:16,569 - INFO - Step   234 | Train Loss: 0.024829
2024-08-21 15:37:16,618 - INFO - Step   235 | Train Loss: 0.020604
2024-08-21 15:37:16,668 - INFO - Step   236 | Train Loss: 0.017827
2024-08-21 15:37:16,717 - INFO - Step   237 | Train Loss: 0.023113
2024-08-21 15:37:16,766 - INFO - Step   238 | Train Loss: 0.019074
2024-08-21 15:37:16,817 - INFO - Step   239 | Train Loss: 0.021253
2024-08-21 15:37:16,869 - INFO - Step   240 | Train Loss: 0.021597
2024-08-21 15:37:16,918 - INFO - Step   241 | Train Loss: 0.019888
2024-08-21 15:37:16,969 - INFO - Step   242 | Train Loss: 0.018501
2024-08-21 15:37:17,019 - INFO - Step   243 | Train Loss: 0.019391
2024-08-21 15:37:17,069 - INFO - Step   244 | Train Loss: 0.018115
2024-08-21 15:37:17,119 - INFO - Step   245 | Train Loss: 0.018985
2024-08-21 15:37:17,170 - INFO - Step   246 | Train Loss: 0.018615
2024-08-21 15:37:17,218 - INFO - Step   247 | Train Loss: 0.021283
2024-08-21 15:37:17,269 - INFO - Step   248 | Train Loss: 0.021735
2024-08-21 15:37:17,318 - INFO - Step   249 | Train Loss: 0.018379
2024-08-21 15:37:17,368 - INFO - Step   250 | Train Loss: 0.017294
2024-08-21 15:37:17,418 - INFO - Step   251 | Train Loss: 0.019871
2024-08-21 15:37:17,468 - INFO - Step   252 | Train Loss: 0.018795
2024-08-21 15:37:17,517 - INFO - Step   253 | Train Loss: 0.019739
2024-08-21 15:37:17,567 - INFO - Step   254 | Train Loss: 0.018302
2024-08-21 15:37:17,617 - INFO - Step   255 | Train Loss: 0.022198
2024-08-21 15:37:17,666 - INFO - Step   256 | Train Loss: 0.019459
2024-08-21 15:37:17,715 - INFO - Step   257 | Train Loss: 0.017261
2024-08-21 15:37:17,762 - INFO - Step   258 | Train Loss: 0.020996
2024-08-21 15:37:17,810 - INFO - Step   259 | Train Loss: 0.016610
2024-08-21 15:37:17,859 - INFO - Step   260 | Train Loss: 0.018856
2024-08-21 15:37:17,909 - INFO - Step   261 | Train Loss: 0.020240
2024-08-21 15:37:17,959 - INFO - Step   262 | Train Loss: 0.015755
2024-08-21 15:37:18,009 - INFO - Step   263 | Train Loss: 0.015375
2024-08-21 15:37:18,059 - INFO - Step   264 | Train Loss: 0.021580
2024-08-21 15:37:18,116 - INFO - Step   265 | Train Loss: 0.023778
2024-08-21 15:37:18,168 - INFO - Step   266 | Train Loss: 0.016719
2024-08-21 15:37:18,218 - INFO - Step   267 | Train Loss: 0.018594
2024-08-21 15:37:18,268 - INFO - Step   268 | Train Loss: 0.020517
2024-08-21 15:37:18,317 - INFO - Step   269 | Train Loss: 0.020419
2024-08-21 15:37:18,367 - INFO - Step   270 | Train Loss: 0.020337
2024-08-21 15:37:18,417 - INFO - Step   271 | Train Loss: 0.020108
2024-08-21 15:37:18,467 - INFO - Step   272 | Train Loss: 0.018515
2024-08-21 15:37:18,516 - INFO - Step   273 | Train Loss: 0.018716
2024-08-21 15:37:18,565 - INFO - Step   274 | Train Loss: 0.019850
2024-08-21 15:37:18,615 - INFO - Step   275 | Train Loss: 0.015375
2024-08-21 15:37:18,662 - INFO - Step   276 | Train Loss: 0.018494
2024-08-21 15:37:18,709 - INFO - Step   277 | Train Loss: 0.021318
2024-08-21 15:37:18,758 - INFO - Step   278 | Train Loss: 0.016366
2024-08-21 15:37:18,808 - INFO - Step   279 | Train Loss: 0.018201
2024-08-21 15:37:18,857 - INFO - Step   280 | Train Loss: 0.019989
2024-08-21 15:37:18,905 - INFO - Step   281 | Train Loss: 0.018244
2024-08-21 15:37:18,952 - INFO - Step   282 | Train Loss: 0.016703
2024-08-21 15:37:19,001 - INFO - Step   283 | Train Loss: 0.019394
2024-08-21 15:37:19,050 - INFO - Step   284 | Train Loss: 0.018575
2024-08-21 15:37:19,101 - INFO - Step   285 | Train Loss: 0.018198
2024-08-21 15:37:19,150 - INFO - Step   286 | Train Loss: 0.018487
2024-08-21 15:37:19,200 - INFO - Step   287 | Train Loss: 0.018971
2024-08-21 15:37:19,250 - INFO - Step   288 | Train Loss: 0.022681
2024-08-21 15:37:19,299 - INFO - Step   289 | Train Loss: 0.017308
2024-08-21 15:37:19,348 - INFO - Step   290 | Train Loss: 0.015583
2024-08-21 15:37:19,396 - INFO - Step   291 | Train Loss: 0.015715
2024-08-21 15:37:19,447 - INFO - Step   292 | Train Loss: 0.015770
2024-08-21 15:37:19,497 - INFO - Step   293 | Train Loss: 0.017939
2024-08-21 15:37:19,546 - INFO - Step   294 | Train Loss: 0.013726
2024-08-21 15:37:19,595 - INFO - Step   295 | Train Loss: 0.020460
2024-08-21 15:37:19,643 - INFO - Step   296 | Train Loss: 0.018054
2024-08-21 15:37:19,694 - INFO - Step   297 | Train Loss: 0.015873
2024-08-21 15:37:19,743 - INFO - Step   298 | Train Loss: 0.016732
2024-08-21 15:37:19,793 - INFO - Step   299 | Train Loss: 0.019472
2024-08-21 15:37:19,843 - INFO - Step   300 | Train Loss: 0.017194
2024-08-21 15:37:19,892 - INFO - Step   301 | Train Loss: 0.018196
2024-08-21 15:37:19,942 - INFO - Step   302 | Train Loss: 0.015549
2024-08-21 15:37:19,993 - INFO - Step   303 | Train Loss: 0.020433
2024-08-21 15:37:20,049 - INFO - Step   304 | Train Loss: 0.013950
2024-08-21 15:37:20,101 - INFO - Step   305 | Train Loss: 0.017048
2024-08-21 15:37:20,150 - INFO - Step   306 | Train Loss: 0.017247
2024-08-21 15:37:20,200 - INFO - Step   307 | Train Loss: 0.016794
2024-08-21 15:37:20,250 - INFO - Step   308 | Train Loss: 0.016584
2024-08-21 15:37:20,300 - INFO - Step   309 | Train Loss: 0.014372
2024-08-21 15:37:20,350 - INFO - Step   310 | Train Loss: 0.017589
2024-08-21 15:37:20,400 - INFO - Step   311 | Train Loss: 0.016699
2024-08-21 15:37:20,450 - INFO - Step   312 | Train Loss: 0.019119
2024-08-21 15:37:20,500 - INFO - Step   313 | Train Loss: 0.019721
2024-08-21 15:37:20,550 - INFO - Step   314 | Train Loss: 0.019874
2024-08-21 15:37:20,602 - INFO - Step   315 | Train Loss: 0.019725
2024-08-21 15:37:20,651 - INFO - Step   316 | Train Loss: 0.013990
2024-08-21 15:37:20,702 - INFO - Step   317 | Train Loss: 0.015870
2024-08-21 15:37:20,751 - INFO - Step   318 | Train Loss: 0.022510
2024-08-21 15:37:20,801 - INFO - Step   319 | Train Loss: 0.016758
2024-08-21 15:37:20,851 - INFO - Step   320 | Train Loss: 0.018145
2024-08-21 15:37:20,901 - INFO - Step   321 | Train Loss: 0.017588
2024-08-21 15:37:20,950 - INFO - Step   322 | Train Loss: 0.016754
2024-08-21 15:37:21,000 - INFO - Step   323 | Train Loss: 0.020358
2024-08-21 15:37:21,051 - INFO - Step   324 | Train Loss: 0.014185
2024-08-21 15:37:21,100 - INFO - Step   325 | Train Loss: 0.015758
2024-08-21 15:37:21,149 - INFO - Step   326 | Train Loss: 0.019772
2024-08-21 15:37:21,199 - INFO - Step   327 | Train Loss: 0.016745
2024-08-21 15:37:21,249 - INFO - Step   328 | Train Loss: 0.019227
2024-08-21 15:37:21,298 - INFO - Step   329 | Train Loss: 0.018230
2024-08-21 15:37:21,348 - INFO - Step   330 | Train Loss: 0.014898
2024-08-21 15:37:21,397 - INFO - Step   331 | Train Loss: 0.014634
2024-08-21 15:37:21,446 - INFO - Step   332 | Train Loss: 0.014121
2024-08-21 15:37:21,494 - INFO - Step   333 | Train Loss: 0.013974
2024-08-21 15:37:21,542 - INFO - Step   334 | Train Loss: 0.015864
2024-08-21 15:37:21,591 - INFO - Step   335 | Train Loss: 0.016504
2024-08-21 15:37:21,641 - INFO - Step   336 | Train Loss: 0.015547
2024-08-21 15:37:21,691 - INFO - Step   337 | Train Loss: 0.014957
2024-08-21 15:37:21,742 - INFO - Step   338 | Train Loss: 0.015390
2024-08-21 15:37:21,794 - INFO - Step   339 | Train Loss: 0.015138
2024-08-21 15:37:21,844 - INFO - Step   340 | Train Loss: 0.018709
2024-08-21 15:37:21,893 - INFO - Step   341 | Train Loss: 0.018147
2024-08-21 15:37:21,942 - INFO - Step   342 | Train Loss: 0.014181
2024-08-21 15:37:21,992 - INFO - Step   343 | Train Loss: 0.018960
2024-08-21 15:37:22,043 - INFO - Step   344 | Train Loss: 0.017578
2024-08-21 15:37:22,092 - INFO - Step   345 | Train Loss: 0.017090
2024-08-21 15:37:22,141 - INFO - Step   346 | Train Loss: 0.016529
2024-08-21 15:37:22,191 - INFO - Step   347 | Train Loss: 0.013932
2024-08-21 15:37:22,241 - INFO - Step   348 | Train Loss: 0.015002
2024-08-21 15:37:22,290 - INFO - Step   349 | Train Loss: 0.019774
2024-08-21 15:37:22,341 - INFO - Step   350 | Train Loss: 0.017001
2024-08-21 15:37:22,390 - INFO - Step   351 | Train Loss: 0.014772
2024-08-21 15:37:22,440 - INFO - Step   352 | Train Loss: 0.015416
2024-08-21 15:37:22,489 - INFO - Step   353 | Train Loss: 0.017610
2024-08-21 15:37:22,538 - INFO - Step   354 | Train Loss: 0.014447
2024-08-21 15:37:22,586 - INFO - Step   355 | Train Loss: 0.015158
2024-08-21 15:37:22,635 - INFO - Step   356 | Train Loss: 0.017915
2024-08-21 15:37:22,683 - INFO - Step   357 | Train Loss: 0.015290
2024-08-21 15:37:22,733 - INFO - Step   358 | Train Loss: 0.014579
2024-08-21 15:37:22,782 - INFO - Step   359 | Train Loss: 0.022713
2024-08-21 15:37:22,832 - INFO - Step   360 | Train Loss: 0.016686
2024-08-21 15:37:22,882 - INFO - Step   361 | Train Loss: 0.016618
2024-08-21 15:37:22,937 - INFO - Step   362 | Train Loss: 0.016900
2024-08-21 15:37:22,986 - INFO - Step   363 | Train Loss: 0.014754
2024-08-21 15:37:23,036 - INFO - Step   364 | Train Loss: 0.018350
2024-08-21 15:37:23,084 - INFO - Step   365 | Train Loss: 0.016616
2024-08-21 15:37:23,134 - INFO - Step   366 | Train Loss: 0.016523
2024-08-21 15:37:23,184 - INFO - Step   367 | Train Loss: 0.016590
2024-08-21 15:37:23,235 - INFO - Step   368 | Train Loss: 0.015762
2024-08-21 15:37:23,283 - INFO - Step   369 | Train Loss: 0.014477
2024-08-21 15:37:23,333 - INFO - Step   370 | Train Loss: 0.015383
2024-08-21 15:37:23,383 - INFO - Step   371 | Train Loss: 0.015165
2024-08-21 15:37:23,433 - INFO - Step   372 | Train Loss: 0.014165
2024-08-21 15:37:23,483 - INFO - Step   373 | Train Loss: 0.013161
2024-08-21 15:37:23,533 - INFO - Step   374 | Train Loss: 0.014365
2024-08-21 15:37:23,582 - INFO - Step   375 | Train Loss: 0.019767
2024-08-21 15:37:23,632 - INFO - Step   376 | Train Loss: 0.018695
2024-08-21 15:37:23,682 - INFO - Step   377 | Train Loss: 0.015503
2024-08-21 15:37:23,732 - INFO - Step   378 | Train Loss: 0.015419
2024-08-21 15:37:23,782 - INFO - Step   379 | Train Loss: 0.013499
2024-08-21 15:37:23,833 - INFO - Step   380 | Train Loss: 0.016302
2024-08-21 15:37:23,883 - INFO - Step   381 | Train Loss: 0.017829
2024-08-21 15:37:23,933 - INFO - Step   382 | Train Loss: 0.015239
2024-08-21 15:37:23,982 - INFO - Step   383 | Train Loss: 0.014917
2024-08-21 15:37:24,033 - INFO - Step   384 | Train Loss: 0.013609
2024-08-21 15:37:24,083 - INFO - Step   385 | Train Loss: 0.017546
2024-08-21 15:37:24,135 - INFO - Step   386 | Train Loss: 0.015100
2024-08-21 15:37:24,183 - INFO - Step   387 | Train Loss: 0.014875
2024-08-21 15:37:24,234 - INFO - Step   388 | Train Loss: 0.015667
2024-08-21 15:37:24,283 - INFO - Step   389 | Train Loss: 0.015428
2024-08-21 15:37:24,335 - INFO - Step   390 | Train Loss: 0.014265
2024-08-21 15:37:24,384 - INFO - Step   391 | Train Loss: 0.015158
2024-08-21 15:37:24,433 - INFO - Step   392 | Train Loss: 0.016285
2024-08-21 15:37:24,484 - INFO - Step   393 | Train Loss: 0.013231
2024-08-21 15:37:24,532 - INFO - Step   394 | Train Loss: 0.012270
2024-08-21 15:37:24,582 - INFO - Step   395 | Train Loss: 0.014710
2024-08-21 15:37:24,632 - INFO - Step   396 | Train Loss: 0.015277
2024-08-21 15:37:24,682 - INFO - Step   397 | Train Loss: 0.014909
2024-08-21 15:37:24,731 - INFO - Step   398 | Train Loss: 0.014511
2024-08-21 15:37:24,781 - INFO - Step   399 | Train Loss: 0.012039
2024-08-21 15:37:24,831 - INFO - Step   400 | Train Loss: 0.014431
2024-08-21 15:37:24,881 - INFO - Step   401 | Train Loss: 0.017507
2024-08-21 15:37:24,931 - INFO - Step   402 | Train Loss: 0.016143
2024-08-21 15:37:24,982 - INFO - Step   403 | Train Loss: 0.013634
2024-08-21 15:37:25,031 - INFO - Step   404 | Train Loss: 0.013565
2024-08-21 15:37:25,083 - INFO - Step   405 | Train Loss: 0.014205
2024-08-21 15:37:25,132 - INFO - Step   406 | Train Loss: 0.018425
2024-08-21 15:37:25,183 - INFO - Step   407 | Train Loss: 0.012838
2024-08-21 15:37:25,231 - INFO - Step   408 | Train Loss: 0.012043
2024-08-21 15:37:25,284 - INFO - Step   409 | Train Loss: 0.018157
2024-08-21 15:37:25,334 - INFO - Step   410 | Train Loss: 0.017319
2024-08-21 15:37:25,384 - INFO - Step   411 | Train Loss: 0.014933
2024-08-21 15:37:25,433 - INFO - Step   412 | Train Loss: 0.015876
2024-08-21 15:37:25,483 - INFO - Step   413 | Train Loss: 0.015161
2024-08-21 15:37:25,533 - INFO - Step   414 | Train Loss: 0.013673
2024-08-21 15:37:25,583 - INFO - Step   415 | Train Loss: 0.014763
2024-08-21 15:37:25,632 - INFO - Step   416 | Train Loss: 0.014335
2024-08-21 15:37:25,683 - INFO - Step   417 | Train Loss: 0.015923
2024-08-21 15:37:25,732 - INFO - Step   418 | Train Loss: 0.011516
2024-08-21 15:37:25,782 - INFO - Step   419 | Train Loss: 0.016359
2024-08-21 15:37:25,832 - INFO - Step   420 | Train Loss: 0.016265
2024-08-21 15:37:25,882 - INFO - Step   421 | Train Loss: 0.014375
2024-08-21 15:37:25,932 - INFO - Step   422 | Train Loss: 0.016342
2024-08-21 15:37:25,982 - INFO - Step   423 | Train Loss: 0.018188
2024-08-21 15:37:26,032 - INFO - Step   424 | Train Loss: 0.012812
2024-08-21 15:37:26,082 - INFO - Step   425 | Train Loss: 0.016780
2024-08-21 15:37:26,131 - INFO - Step   426 | Train Loss: 0.014982
2024-08-21 15:37:26,182 - INFO - Step   427 | Train Loss: 0.012514
2024-08-21 15:37:26,232 - INFO - Step   428 | Train Loss: 0.015507
2024-08-21 15:37:26,281 - INFO - Step   429 | Train Loss: 0.013601
2024-08-21 15:37:26,330 - INFO - Step   430 | Train Loss: 0.015979
2024-08-21 15:37:26,380 - INFO - Step   431 | Train Loss: 0.013667
2024-08-21 15:37:26,430 - INFO - Step   432 | Train Loss: 0.016213
2024-08-21 15:37:26,481 - INFO - Step   433 | Train Loss: 0.014571
2024-08-21 15:37:26,533 - INFO - Step   434 | Train Loss: 0.016294
2024-08-21 15:37:26,584 - INFO - Step   435 | Train Loss: 0.013359
2024-08-21 15:37:26,632 - INFO - Step   436 | Train Loss: 0.012396
2024-08-21 15:37:26,682 - INFO - Step   437 | Train Loss: 0.012064
2024-08-21 15:37:26,732 - INFO - Step   438 | Train Loss: 0.015045
2024-08-21 15:37:26,783 - INFO - Step   439 | Train Loss: 0.018078
2024-08-21 15:37:26,832 - INFO - Step   440 | Train Loss: 0.011955
2024-08-21 15:37:26,882 - INFO - Step   441 | Train Loss: 0.012385
2024-08-21 15:37:26,932 - INFO - Step   442 | Train Loss: 0.012435
2024-08-21 15:37:26,982 - INFO - Step   443 | Train Loss: 0.011609
2024-08-21 15:37:27,032 - INFO - Step   444 | Train Loss: 0.013973
2024-08-21 15:37:27,082 - INFO - Step   445 | Train Loss: 0.010784
2024-08-21 15:37:27,132 - INFO - Step   446 | Train Loss: 0.015329
2024-08-21 15:37:27,182 - INFO - Step   447 | Train Loss: 0.015000
2024-08-21 15:37:27,232 - INFO - Step   448 | Train Loss: 0.014149
2024-08-21 15:37:27,283 - INFO - Step   449 | Train Loss: 0.014212
2024-08-21 15:37:27,332 - INFO - Step   450 | Train Loss: 0.014029
2024-08-21 15:37:27,383 - INFO - Step   451 | Train Loss: 0.012185
2024-08-21 15:37:27,431 - INFO - Step   452 | Train Loss: 0.012944
2024-08-21 15:37:27,482 - INFO - Step   453 | Train Loss: 0.016587
2024-08-21 15:37:27,531 - INFO - Step   454 | Train Loss: 0.018607
2024-08-21 15:37:27,582 - INFO - Step   455 | Train Loss: 0.014824
2024-08-21 15:37:27,631 - INFO - Step   456 | Train Loss: 0.013701
2024-08-21 15:37:27,682 - INFO - Step   457 | Train Loss: 0.012268
2024-08-21 15:37:27,732 - INFO - Step   458 | Train Loss: 0.014601
2024-08-21 15:37:27,783 - INFO - Step   459 | Train Loss: 0.015330
2024-08-21 15:37:27,831 - INFO - Step   460 | Train Loss: 0.012759
2024-08-21 15:37:27,881 - INFO - Step   461 | Train Loss: 0.012515
2024-08-21 15:37:27,931 - INFO - Step   462 | Train Loss: 0.013795
2024-08-21 15:37:27,981 - INFO - Step   463 | Train Loss: 0.016293
2024-08-21 15:37:28,031 - INFO - Step   464 | Train Loss: 0.013646
2024-08-21 15:37:28,080 - INFO - Step   465 | Train Loss: 0.013319
2024-08-21 15:37:28,129 - INFO - Step   466 | Train Loss: 0.010287
2024-08-21 15:37:28,177 - INFO - Step   467 | Train Loss: 0.013559
2024-08-21 15:37:28,224 - INFO - Step   468 | Train Loss: 0.013678
2024-08-21 15:37:28,275 - INFO - Step   469 | Train Loss: 0.012646
2024-08-21 15:37:28,323 - INFO - Step   470 | Train Loss: 0.012441
2024-08-21 15:37:28,373 - INFO - Step   471 | Train Loss: 0.014468
2024-08-21 15:37:28,422 - INFO - Step   472 | Train Loss: 0.013472
2024-08-21 15:37:28,470 - INFO - Step   473 | Train Loss: 0.015215
2024-08-21 15:37:28,518 - INFO - Step   474 | Train Loss: 0.013827
2024-08-21 15:37:28,567 - INFO - Step   475 | Train Loss: 0.011965
2024-08-21 15:37:28,614 - INFO - Step   476 | Train Loss: 0.015833
2024-08-21 15:37:28,663 - INFO - Step   477 | Train Loss: 0.011134
2024-08-21 15:37:28,713 - INFO - Step   478 | Train Loss: 0.016714
2024-08-21 15:37:28,762 - INFO - Step   479 | Train Loss: 0.012413
2024-08-21 15:37:28,811 - INFO - Step   480 | Train Loss: 0.013319
2024-08-21 15:37:28,858 - INFO - Step   481 | Train Loss: 0.011765
2024-08-21 15:37:28,907 - INFO - Step   482 | Train Loss: 0.010282
2024-08-21 15:37:28,956 - INFO - Step   483 | Train Loss: 0.013947
2024-08-21 15:37:29,007 - INFO - Step   484 | Train Loss: 0.010670
2024-08-21 15:37:29,057 - INFO - Step   485 | Train Loss: 0.012609
2024-08-21 15:37:29,106 - INFO - Step   486 | Train Loss: 0.012624
2024-08-21 15:37:29,158 - INFO - Step   487 | Train Loss: 0.012844
2024-08-21 15:37:29,207 - INFO - Step   488 | Train Loss: 0.015341
2024-08-21 15:37:29,256 - INFO - Step   489 | Train Loss: 0.012067
2024-08-21 15:37:29,305 - INFO - Step   490 | Train Loss: 0.014068
2024-08-21 15:37:29,355 - INFO - Step   491 | Train Loss: 0.013090
2024-08-21 15:37:29,405 - INFO - Step   492 | Train Loss: 0.014303
2024-08-21 15:37:29,455 - INFO - Step   493 | Train Loss: 0.013357
2024-08-21 15:37:29,505 - INFO - Step   494 | Train Loss: 0.011049
2024-08-21 15:37:29,555 - INFO - Step   495 | Train Loss: 0.012852
2024-08-21 15:37:29,605 - INFO - Step   496 | Train Loss: 0.011980
2024-08-21 15:37:29,655 - INFO - Step   497 | Train Loss: 0.012614
2024-08-21 15:37:29,705 - INFO - Step   498 | Train Loss: 0.013071
2024-08-21 15:37:29,755 - INFO - Step   499 | Train Loss: 0.012061
2024-08-21 15:37:29,807 - INFO - Step   500 | Train Loss: 0.016446
2024-08-21 15:37:29,862 - INFO - Step   501 | Train Loss: 0.011867
2024-08-21 15:37:29,914 - INFO - Step   502 | Train Loss: 0.011406
2024-08-21 15:37:29,967 - INFO - Step   503 | Train Loss: 0.010560
2024-08-21 15:37:30,015 - INFO - Step   504 | Train Loss: 0.011780
2024-08-21 15:37:30,070 - INFO - Step   505 | Train Loss: 0.013005
2024-08-21 15:37:30,123 - INFO - Step   506 | Train Loss: 0.012804
2024-08-21 15:37:30,176 - INFO - Step   507 | Train Loss: 0.011896
2024-08-21 15:37:30,225 - INFO - Step   508 | Train Loss: 0.013071
2024-08-21 15:37:30,275 - INFO - Step   509 | Train Loss: 0.010684
2024-08-21 15:37:30,324 - INFO - Step   510 | Train Loss: 0.014073
2024-08-21 15:37:30,372 - INFO - Step   511 | Train Loss: 0.015322
2024-08-21 15:37:30,422 - INFO - Step   512 | Train Loss: 0.015393
2024-08-21 15:37:30,471 - INFO - Step   513 | Train Loss: 0.013893
2024-08-21 15:37:30,521 - INFO - Step   514 | Train Loss: 0.010830
2024-08-21 15:37:30,570 - INFO - Step   515 | Train Loss: 0.011132
2024-08-21 15:37:30,619 - INFO - Step   516 | Train Loss: 0.012308
2024-08-21 15:37:30,667 - INFO - Step   517 | Train Loss: 0.011518
2024-08-21 15:37:30,714 - INFO - Step   518 | Train Loss: 0.011403
2024-08-21 15:37:30,763 - INFO - Step   519 | Train Loss: 0.010783
2024-08-21 15:37:30,812 - INFO - Step   520 | Train Loss: 0.012164
2024-08-21 15:37:30,861 - INFO - Step   521 | Train Loss: 0.012186
2024-08-21 15:37:30,909 - INFO - Step   522 | Train Loss: 0.013656
2024-08-21 15:37:30,956 - INFO - Step   523 | Train Loss: 0.011160
2024-08-21 15:37:31,005 - INFO - Step   524 | Train Loss: 0.014146
2024-08-21 15:37:31,054 - INFO - Step   525 | Train Loss: 0.010518
2024-08-21 15:37:31,103 - INFO - Step   526 | Train Loss: 0.013209
2024-08-21 15:37:31,151 - INFO - Step   527 | Train Loss: 0.014487
2024-08-21 15:37:31,198 - INFO - Step   528 | Train Loss: 0.016983
2024-08-21 15:37:31,246 - INFO - Step   529 | Train Loss: 0.012121
2024-08-21 15:37:31,296 - INFO - Step   530 | Train Loss: 0.011780
2024-08-21 15:37:31,348 - INFO - Step   531 | Train Loss: 0.013170
2024-08-21 15:37:31,397 - INFO - Step   532 | Train Loss: 0.013022
2024-08-21 15:37:31,447 - INFO - Step   533 | Train Loss: 0.010749
2024-08-21 15:37:31,496 - INFO - Step   534 | Train Loss: 0.014253
2024-08-21 15:37:31,546 - INFO - Step   535 | Train Loss: 0.013700
2024-08-21 15:37:31,596 - INFO - Step   536 | Train Loss: 0.009762
2024-08-21 15:37:31,647 - INFO - Step   537 | Train Loss: 0.015070
2024-08-21 15:37:31,696 - INFO - Step   538 | Train Loss: 0.011009
2024-08-21 15:37:31,745 - INFO - Step   539 | Train Loss: 0.014910
2024-08-21 15:37:31,794 - INFO - Step   540 | Train Loss: 0.010053
2024-08-21 15:37:31,843 - INFO - Step   541 | Train Loss: 0.013003
2024-08-21 15:37:31,889 - INFO - Step   542 | Train Loss: 0.010729
2024-08-21 15:37:31,938 - INFO - Step   543 | Train Loss: 0.016067
2024-08-21 15:37:31,988 - INFO - Step   544 | Train Loss: 0.013397
2024-08-21 15:37:32,037 - INFO - Step   545 | Train Loss: 0.010993
2024-08-21 15:37:32,086 - INFO - Step   546 | Train Loss: 0.011993
2024-08-21 15:37:32,136 - INFO - Step   547 | Train Loss: 0.012085
2024-08-21 15:37:32,185 - INFO - Step   548 | Train Loss: 0.011207
2024-08-21 15:37:32,233 - INFO - Step   549 | Train Loss: 0.012318
2024-08-21 15:37:32,281 - INFO - Step   550 | Train Loss: 0.013876
2024-08-21 15:37:32,329 - INFO - Step   551 | Train Loss: 0.016148
2024-08-21 15:37:32,378 - INFO - Step   552 | Train Loss: 0.013079
2024-08-21 15:37:32,428 - INFO - Step   553 | Train Loss: 0.012569
2024-08-21 15:37:32,477 - INFO - Step   554 | Train Loss: 0.012287
2024-08-21 15:37:32,524 - INFO - Step   555 | Train Loss: 0.011011
2024-08-21 15:37:32,577 - INFO - Step   556 | Train Loss: 0.011534
2024-08-21 15:37:32,627 - INFO - Step   557 | Train Loss: 0.011809
2024-08-21 15:37:32,676 - INFO - Step   558 | Train Loss: 0.012196
2024-08-21 15:37:32,725 - INFO - Step   559 | Train Loss: 0.010700
2024-08-21 15:37:32,773 - INFO - Step   560 | Train Loss: 0.011157
2024-08-21 15:37:32,823 - INFO - Step   561 | Train Loss: 0.014352
2024-08-21 15:37:32,871 - INFO - Step   562 | Train Loss: 0.014760
2024-08-21 15:37:32,921 - INFO - Step   563 | Train Loss: 0.011044
2024-08-21 15:37:32,970 - INFO - Step   564 | Train Loss: 0.010868
2024-08-21 15:37:33,019 - INFO - Step   565 | Train Loss: 0.009131
2024-08-21 15:37:33,068 - INFO - Step   566 | Train Loss: 0.010360
2024-08-21 15:37:33,116 - INFO - Step   567 | Train Loss: 0.012490
2024-08-21 15:37:33,163 - INFO - Step   568 | Train Loss: 0.013844
2024-08-21 15:37:33,216 - INFO - Step   569 | Train Loss: 0.013729
2024-08-21 15:37:33,263 - INFO - Step   570 | Train Loss: 0.013832
2024-08-21 15:37:33,312 - INFO - Step   571 | Train Loss: 0.011110
2024-08-21 15:37:33,361 - INFO - Step   572 | Train Loss: 0.011735
2024-08-21 15:37:33,411 - INFO - Step   573 | Train Loss: 0.015110
2024-08-21 15:37:33,460 - INFO - Step   574 | Train Loss: 0.012033
2024-08-21 15:37:33,508 - INFO - Step   575 | Train Loss: 0.014483
2024-08-21 15:37:33,555 - INFO - Step   576 | Train Loss: 0.011579
2024-08-21 15:37:33,604 - INFO - Step   577 | Train Loss: 0.012941
2024-08-21 15:37:33,653 - INFO - Step   578 | Train Loss: 0.011246
2024-08-21 15:37:33,702 - INFO - Step   579 | Train Loss: 0.011322
2024-08-21 15:37:33,754 - INFO - Step   580 | Train Loss: 0.016290
2024-08-21 15:37:33,804 - INFO - Step   581 | Train Loss: 0.011286
2024-08-21 15:37:33,854 - INFO - Step   582 | Train Loss: 0.010993
2024-08-21 15:37:33,904 - INFO - Step   583 | Train Loss: 0.013794
2024-08-21 15:37:33,954 - INFO - Step   584 | Train Loss: 0.012174
2024-08-21 15:37:34,006 - INFO - Step   585 | Train Loss: 0.011917
2024-08-21 15:37:34,059 - INFO - Step   586 | Train Loss: 0.011214
2024-08-21 15:37:34,109 - INFO - Step   587 | Train Loss: 0.010087
2024-08-21 15:37:34,161 - INFO - Step   588 | Train Loss: 0.011269
2024-08-21 15:37:34,212 - INFO - Step   589 | Train Loss: 0.011915
2024-08-21 15:37:34,263 - INFO - Step   590 | Train Loss: 0.011507
2024-08-21 15:37:34,312 - INFO - Step   591 | Train Loss: 0.010769
2024-08-21 15:37:34,363 - INFO - Step   592 | Train Loss: 0.011317
2024-08-21 15:37:34,413 - INFO - Step   593 | Train Loss: 0.011795
2024-08-21 15:37:34,463 - INFO - Step   594 | Train Loss: 0.013723
2024-08-21 15:37:34,512 - INFO - Step   595 | Train Loss: 0.010556
2024-08-21 15:37:34,562 - INFO - Step   596 | Train Loss: 0.012313
2024-08-21 15:37:34,612 - INFO - Step   597 | Train Loss: 0.013748
2024-08-21 15:37:34,662 - INFO - Step   598 | Train Loss: 0.012746
2024-08-21 15:37:34,712 - INFO - Step   599 | Train Loss: 0.009965
2024-08-21 15:37:34,762 - INFO - Step   600 | Train Loss: 0.010845
2024-08-21 15:37:34,812 - INFO - Step   601 | Train Loss: 0.011133
2024-08-21 15:37:34,862 - INFO - Step   602 | Train Loss: 0.010251
2024-08-21 15:37:34,912 - INFO - Step   603 | Train Loss: 0.012466
2024-08-21 15:37:34,963 - INFO - Step   604 | Train Loss: 0.014820
2024-08-21 15:37:35,012 - INFO - Step   605 | Train Loss: 0.011469
2024-08-21 15:37:35,064 - INFO - Step   606 | Train Loss: 0.011255
2024-08-21 15:37:35,112 - INFO - Step   607 | Train Loss: 0.009328
2024-08-21 15:37:35,162 - INFO - Step   608 | Train Loss: 0.010862
2024-08-21 15:37:35,212 - INFO - Step   609 | Train Loss: 0.012102
2024-08-21 15:37:35,262 - INFO - Step   610 | Train Loss: 0.012019
2024-08-21 15:37:35,311 - INFO - Step   611 | Train Loss: 0.012132
2024-08-21 15:37:35,361 - INFO - Step   612 | Train Loss: 0.010185
2024-08-21 15:37:35,411 - INFO - Step   613 | Train Loss: 0.010003
2024-08-21 15:37:35,460 - INFO - Step   614 | Train Loss: 0.011211
2024-08-21 15:37:35,509 - INFO - Step   615 | Train Loss: 0.010768
2024-08-21 15:37:35,558 - INFO - Step   616 | Train Loss: 0.014102
2024-08-21 15:37:35,605 - INFO - Step   617 | Train Loss: 0.013442
2024-08-21 15:37:35,653 - INFO - Step   618 | Train Loss: 0.012634
2024-08-21 15:37:35,703 - INFO - Step   619 | Train Loss: 0.013568
2024-08-21 15:37:35,752 - INFO - Step   620 | Train Loss: 0.012885
2024-08-21 15:37:35,801 - INFO - Step   621 | Train Loss: 0.012667
2024-08-21 15:37:35,851 - INFO - Step   622 | Train Loss: 0.012130
2024-08-21 15:37:35,900 - INFO - Step   623 | Train Loss: 0.010013
2024-08-21 15:37:35,948 - INFO - Step   624 | Train Loss: 0.009848
2024-08-21 15:37:35,995 - INFO - Step   625 | Train Loss: 0.011655
2024-08-21 15:37:36,045 - INFO - Step   626 | Train Loss: 0.011932
2024-08-21 15:37:36,094 - INFO - Step   627 | Train Loss: 0.009769
2024-08-21 15:37:36,144 - INFO - Step   628 | Train Loss: 0.011557
2024-08-21 15:37:36,194 - INFO - Step   629 | Train Loss: 0.011893
2024-08-21 15:37:36,243 - INFO - Step   630 | Train Loss: 0.011941
2024-08-21 15:37:36,294 - INFO - Step   631 | Train Loss: 0.011619
2024-08-21 15:37:36,347 - INFO - Step   632 | Train Loss: 0.011976
2024-08-21 15:37:36,396 - INFO - Step   633 | Train Loss: 0.010326
2024-08-21 15:37:36,446 - INFO - Step   634 | Train Loss: 0.012311
2024-08-21 15:37:36,496 - INFO - Step   635 | Train Loss: 0.010994
2024-08-21 15:37:36,546 - INFO - Step   636 | Train Loss: 0.010778
2024-08-21 15:37:36,596 - INFO - Step   637 | Train Loss: 0.011756
2024-08-21 15:37:36,645 - INFO - Step   638 | Train Loss: 0.010816
2024-08-21 15:37:36,694 - INFO - Step   639 | Train Loss: 0.013914
2024-08-21 15:37:36,744 - INFO - Step   640 | Train Loss: 0.010030
2024-08-21 15:37:36,793 - INFO - Step   641 | Train Loss: 0.013317
2024-08-21 15:37:36,843 - INFO - Step   642 | Train Loss: 0.010176
2024-08-21 15:37:36,891 - INFO - Step   643 | Train Loss: 0.011698
2024-08-21 15:37:36,938 - INFO - Step   644 | Train Loss: 0.009979
2024-08-21 15:37:36,986 - INFO - Step   645 | Train Loss: 0.011026
2024-08-21 15:37:37,034 - INFO - Step   646 | Train Loss: 0.011469
2024-08-21 15:37:37,084 - INFO - Step   647 | Train Loss: 0.010010
2024-08-21 15:37:37,132 - INFO - Step   648 | Train Loss: 0.011165
2024-08-21 15:37:37,179 - INFO - Step   649 | Train Loss: 0.011675
2024-08-21 15:37:37,228 - INFO - Step   650 | Train Loss: 0.011647
2024-08-21 15:37:37,276 - INFO - Step   651 | Train Loss: 0.011270
2024-08-21 15:37:37,326 - INFO - Step   652 | Train Loss: 0.009542
2024-08-21 15:37:37,376 - INFO - Step   653 | Train Loss: 0.009773
2024-08-21 15:37:37,425 - INFO - Step   654 | Train Loss: 0.008492
2024-08-21 15:37:37,475 - INFO - Step   655 | Train Loss: 0.012583
2024-08-21 15:37:37,527 - INFO - Step   656 | Train Loss: 0.010726
2024-08-21 15:37:37,578 - INFO - Step   657 | Train Loss: 0.012796
2024-08-21 15:37:37,627 - INFO - Step   658 | Train Loss: 0.011206
2024-08-21 15:37:37,679 - INFO - Step   659 | Train Loss: 0.013543
2024-08-21 15:37:37,729 - INFO - Step   660 | Train Loss: 0.011046
2024-08-21 15:37:37,780 - INFO - Step   661 | Train Loss: 0.012607
2024-08-21 15:37:37,828 - INFO - Step   662 | Train Loss: 0.010259
2024-08-21 15:37:37,877 - INFO - Step   663 | Train Loss: 0.009765
2024-08-21 15:37:37,927 - INFO - Step   664 | Train Loss: 0.010650
2024-08-21 15:37:37,978 - INFO - Step   665 | Train Loss: 0.012665
2024-08-21 15:37:38,027 - INFO - Step   666 | Train Loss: 0.010675
2024-08-21 15:37:38,079 - INFO - Step   667 | Train Loss: 0.009310
2024-08-21 15:37:38,128 - INFO - Step   668 | Train Loss: 0.008055
2024-08-21 15:37:38,178 - INFO - Step   669 | Train Loss: 0.011388
2024-08-21 15:37:38,228 - INFO - Step   670 | Train Loss: 0.011408
2024-08-21 15:37:38,280 - INFO - Step   671 | Train Loss: 0.010142
2024-08-21 15:37:38,328 - INFO - Step   672 | Train Loss: 0.010698
2024-08-21 15:37:38,377 - INFO - Step   673 | Train Loss: 0.010616
2024-08-21 15:37:38,426 - INFO - Step   674 | Train Loss: 0.008916
2024-08-21 15:37:38,476 - INFO - Step   675 | Train Loss: 0.009080
2024-08-21 15:37:38,525 - INFO - Step   676 | Train Loss: 0.010746
2024-08-21 15:37:38,575 - INFO - Step   677 | Train Loss: 0.009566
2024-08-21 15:37:38,625 - INFO - Step   678 | Train Loss: 0.009890
2024-08-21 15:37:38,678 - INFO - Step   679 | Train Loss: 0.009083
2024-08-21 15:37:38,729 - INFO - Step   680 | Train Loss: 0.014324
2024-08-21 15:37:38,780 - INFO - Step   681 | Train Loss: 0.010823
2024-08-21 15:37:38,829 - INFO - Step   682 | Train Loss: 0.015416
2024-08-21 15:37:38,879 - INFO - Step   683 | Train Loss: 0.012844
2024-08-21 15:37:38,928 - INFO - Step   684 | Train Loss: 0.010547
2024-08-21 15:37:38,978 - INFO - Step   685 | Train Loss: 0.011451
2024-08-21 15:37:39,027 - INFO - Step   686 | Train Loss: 0.009792
2024-08-21 15:37:39,076 - INFO - Step   687 | Train Loss: 0.011270
2024-08-21 15:37:39,126 - INFO - Step   688 | Train Loss: 0.009985
2024-08-21 15:37:39,177 - INFO - Step   689 | Train Loss: 0.010150
2024-08-21 15:37:39,226 - INFO - Step   690 | Train Loss: 0.011808
2024-08-21 15:37:39,277 - INFO - Step   691 | Train Loss: 0.012172
2024-08-21 15:37:39,326 - INFO - Step   692 | Train Loss: 0.008947
2024-08-21 15:37:39,376 - INFO - Step   693 | Train Loss: 0.008660
2024-08-21 15:37:39,426 - INFO - Step   694 | Train Loss: 0.010054
2024-08-21 15:37:39,476 - INFO - Step   695 | Train Loss: 0.010850
